common/build/intermediates/manifest_merge_blame_file/release/manifest-merger-blame-release-report.txt
1<?xml version="1.0" encoding="utf-8"?>
2<manifest xmlns:android="http://schemas.android.com/apk/res/android"
3    package="com.cashgate.common" >
4
5    <uses-sdk android:minSdkVersion="24" />
6
7    <uses-permission android:name="android.permission.ACCESS_COARSE_LOCATION" />
7-->src\main\AndroidManifest.xml:4:5-81
7-->src\main\AndroidManifest.xml:4:22-78
8    <uses-permission android:name="android.permission.ACCESS_FINE_LOCATION" />
8-->src\main\AndroidManifest.xml:5:5-78
8-->src\main\AndroidManifest.xml:5:22-76
9
10</manifest>